[debug] [2019-06-06T18:34:00.548Z] ----------------------------------------------------------------------
[debug] [2019-06-06T18:34:00.552Z] Command:       /usr/local/bin/node /usr/local/bin/firebase serve
[debug] [2019-06-06T18:34:00.552Z] CLI Version:   6.7.2
[debug] [2019-06-06T18:34:00.552Z] Platform:      darwin
[debug] [2019-06-06T18:34:00.552Z] Node Version:  v10.15.3
[debug] [2019-06-06T18:34:00.553Z] Time:          Thu Jun 06 2019 12:34:00 GMT-0600 (Mountain Daylight Time)
[debug] [2019-06-06T18:34:00.553Z] ----------------------------------------------------------------------
[debug] 
[debug] [2019-06-06T18:34:00.569Z] > command requires scopes: ["email","openid","https://www.googleapis.com/auth/cloudplatformprojects.readonly","https://www.googleapis.com/auth/firebase","https://www.googleapis.com/auth/cloud-platform"]
[debug] [2019-06-06T18:34:00.569Z] > authorizing via signed-in user
[debug] [2019-06-06T18:34:00.570Z] [iam] checking project cs260projects-larsen for permissions ["firebase.projects.get"]
[debug] [2019-06-06T18:34:00.573Z] >>> HTTP REQUEST POST https://cloudresourcemanager.googleapis.com/v1/projects/cs260projects-larsen:testIamPermissions  

[debug] [2019-06-06T18:34:00.961Z] <<< HTTP RESPONSE 200
[debug] [2019-06-06T18:34:00.964Z] >>> HTTP REQUEST GET https://cloudresourcemanager.googleapis.com/v1/projects/cs260projects-larsen  
 
[debug] [2019-06-06T18:34:01.318Z] <<< HTTP RESPONSE 200
[info] 
[info] === Serving from '/Users/kamrilarsen/Kamri Larsen/Classes/Spring 2019/CS 260'...
[info] 
[info] i  functions: Preparing to emulate functions.
[debug] [2019-06-06T18:34:02.402Z] Fetching environment
[debug] [2019-06-06T18:34:02.405Z] >>> HTTP REQUEST GET https://mobilesdk-pa.googleapis.com/v1/projects/235362122293:getServerAppConfig  
 
[debug] [2019-06-06T18:34:02.406Z] >>> HTTP REQUEST GET https://mobilesdk-pa.googleapis.com/v1/projects/235362122293/clients/_:getWebAppConfig  
 
[debug] [2019-06-06T18:34:02.619Z] <<< HTTP RESPONSE 200
[debug] [2019-06-06T18:34:02.620Z] Starting @google-cloud/functions-emulator
[debug] [2019-06-06T18:34:02.731Z] <<< HTTP RESPONSE 200
[info] i  hosting: Serving hosting files from: public
[info] ✔  hosting: Local server: http://localhost:5000
[debug] [2019-06-06T18:34:04.679Z] Parsing function triggers
[info] i  functions: No HTTPS functions found. Use firebase functions:shell if you would like to emulate other types of functions.
[info] Shutting down...
